<?xml version="1.0" encoding="UTF-8"?>
<testsuite name="chess.board.BoardTest" tests="1" skipped="0" failures="0" errors="0" timestamp="2020-11-04T17:05:27" hostname="thinkbookpro" time="0.027">
  <properties/>
  <testcase name="testCheckmate" classname="chess.board.BoardTest" time="0.027"/>
  <system-out><![CDATA[ 
  a b c d e f g h 
8 ♜̅ ♞ · ♛ ♚̅ ♝ ♞ ♜̅ 8
7 ♟ ♟ ♟ · ♟ ♟ ♟ ♟ 7
6 · · · ♟ · · · · 6
5 · · · · · · · · 5
4 · · · · · ♙ ♙ ♝ 4
3 · · · · · · · · 3
2 ♙ ♙ ♙ ♙ ♙ · · ♙ 2
1 ♖̅ ♘ ♗ ♕ ♔̅ ♗ ♘ ♖̅ 1
  A B C D E F G H 
 
  a b c d e f g h 
8 ♜̅ ♞ · ♛ ♚̅ ♝ ♞ ♜̅ 8
7 ♟ ♟ ♟ · ♚ ♗ ♟ · 7
6 · · · ♟ · · · ♟ 6
5 · · · ♘ ♘ · · · 5
4 · · · · ♙ · · · 4
3 · · · · · · · · 3
2 ♙ ♙ ♙ ♙ · ♙ ♙ ♙ 2
1 ♖̅ · ♗ ♝ ♔̅ · · ♖̅ 1
  A B C D E F G H 
 
  a b c d e f g h 
8 · · · · · · ♜ ♚ 8
7 · ♟ · ♟ · ♘ ♟ ♟ 7
6 · ♝ ♟ · · · · · 6
5 ♟ · · · · · · · 5
4 · · · · ♙ · · · 4
3 ♙ ♙ · · · · ♙ · 3
2 · ♔ · · · · · ♙ 2
1 · · · · · · · · 1
  A B C D E F G H 
]]></system-out>
  <system-err><![CDATA[]]></system-err>
</testsuite>
