<?xml version="1.0" encoding="UTF-8"?>
<testsuite name="chess.board.BoardTest" tests="1" skipped="0" failures="0" errors="0" timestamp="2020-11-03T17:50:13" hostname="thinkbookpro" time="0.172">
  <properties/>
  <testcase name="testMoveGeneration" classname="chess.board.BoardTest" time="0.172"/>
  <system-out><![CDATA[ 
  a b c d e f g h 
8 · · · · · · · · 8
7 · · · · · · ♔ · 7
6 · · · ♚ · · · · 6
5 · · · · · · · · 5
4 · · · · · ♟ · · 4
3 · · · · · · · · 3
2 · · · · ♙ · · · 2
1 · · · · · · · · 1
  A B C D E F G H , 10, [e3, e4, Kh8, Kh7, Kh6, Kg6, Kf6, Kf7, Kf8, Kg8]
 
  a b c d e f g h 
8 · ♛ · · · · · · 8
7 ♙ · · · · · · · 7
6 · ♔ · · · · ♚ · 6
5 · · · · · · · · 5
4 · · · · · ♟ · · 4
3 · · · · · · · · 3
2 · · · · · · · · 2
1 · · · · · · · · 1
  A B C D E F G H , 8, [Kc6, Kc5, Ka5, Ka6, axb8=Q, axb8=N, axb8=B, axb8=R]
 
  a b c d e f g h 
8 · ♛ · · · · · · 8
7 ♙ · · · · · · · 7
6 · ♔ · · · · ♚ · 6
5 · · · · · · · · 5
4 · · · · · ♟ · · 4
3 · · · · · · · · 3
2 · · · · · · · · 2
1 · · · · · · · · 1
  A B C D E F G H , 8, [Kc6, Kc5, Ka5, Ka6, axb8=Q, axb8=N, axb8=B, axb8=R]
 
  a b c d e f g h 
8 · ♚ · · · · · · 8
7 ♙ · · · · · · · 7
6 · ♔ · · · · · · 6
5 · · · · · · · · 5
4 · · · · · ♟ ♛ · 4
3 · · · · · · · · 3
2 · · · · · · · · 2
1 · · · · · · · · 1
  A B C D E F G H , 9, [Kc6, Kc5, Kb5, Ka5, Ka6, a8=Q, a8=N, a8=B, a8=R]
 
  a b c d e f g h 
8 · · · · · · · · 8
7 · · · · · ♟ · ♟ 7
6 ♟ · · · · · · ♜ 6
5 ♙ · · · · ♔ · · 5
4 · ♟ · ♚ ♟ · ♖ ♙ 4
3 · · · ♗ · · ♙ · 3
2 ♕ · · · · · · · 2
1 · · · · · ♘ · ♝ 1
  A B C D E F G H , 35, [Nh2, Nd2, Ne3, Qa3, Qa4, Qa1, Qb2, Qc2, Qd2, Qe2, Qf2, Qg2, Qh2, Qb3, Qc4, Qd5, Qe6, Qxf7, Qb1, Bxe4, Bc4, Bb5, Bxa6, Bc2, Bb1, Be2, Rg5, Rg6, Rg7, Rg8, Rf4, Rxe4, h5, Kg5, Kf4]
 
  a b c d e f g h 
8 · ♜ ♚ · · · · · 8
7 · · · · · · · · 7
6 · · · · ♞ · · · 6
5 · · · · · ♗ · · 5
4 · ♘ · · · · · · 4
3 · · · · · · · · 3
2 · · · · · · · · 2
1 · ♕ · ♔ · · · · 1
  A B C D E F G H , 9, [Rb7, Rb6, Rb5, Rxb4, Ra8, Kd8, Kd7, Kc7, Kb7]
 
  a b c d e f g h 
8 · ♜ ♚ · · · · · 8
7 · · · · · · · · 7
6 · · · · ♛ · · · 6
5 · · · · · · · · 5
4 · ♘ · · · · · · 4
3 · · · · · · · ♗ 3
2 · · · · · · · · 2
1 · ♕ · ♔ · · · · 1
  A B C D E F G H , 13, [Qd7, Qf5, Qg4, Qxh3, Rb7, Rb6, Rb5, Rxb4, Ra8, Kd8, Kd7, Kc7, Kb7]
 
  a b c d e f g h 
8 · · · ♕ · · · · 8
7 · ♕ · · · · ♕ · 7
6 · · · · ♕ · · · 6
5 · · ♕ · · · · ♖ 5
4 ♕ · · · · ♕ · · 4
3 · · · ♕ · · · · 3
2 · ♕ · · · · ♖ ♟ 2
1 · ♔ · ♗ ♗ ♘ ♘ ♚ 1
  A B C D E F G H , 218, [Kc2, Kc1, Ka1, Ka2, Be2, Bf3, Bg4, Bc2, Bb3, Bf2, Bg3, Bh4, Bd2, Bc3, Bb4, Ba5, Ng3, Nxh2, Nd2, Ne3, Nh3, Ne2, Nf3, Qb3, Qb4, Qb5, Qb6, Qc2, Qd2, Qe2, Qf2, Qa2, Qc3, Qd4, Qe5, Qf6, Qa3, Qa1, Qc1, Rg3, Rg4, Rg5, Rg6, Rxh2, Rf2, Re2, Rd2, Rc2, Qd4, Qd5, Qd6, Qd7, Qd2, Qe3, Qf3, Qg3, Qh3, Qc3, Qb3, Qa3, Qe4, Qf5, Qg6, Qh7, Qc4, Qb5, Qa6, Qc2, Qe2, Qa5, Qa6, Qa7, Qa8, Qa3, Qa2, Qa1, Qb4, Qc4, Qd4, Qe4, Qb5, Qc6, Qd7, Qe8, Qb3, Qc2, Qf5, Qf6, Qf7, Qf8, Qf3, Qf2, Qg4, Qh4, Qe4, Qd4, Qc4, Qb4, Qg5, Qh6, Qe5, Qd6, Qc7, Qb8, Qe3, Qd2, Qc1, Qg3, Qxh2, Qc6, Qc7, Qc8, Qc4, Qc3, Qc2, Qc1, Qd5, Qe5, Qf5, Qg5, Qb5, Qa5, Qd6, Qe7, Qf8, Qb6, Qa7, Qb4, Qa3, Qd4, Qe3, Qf2, Rh6, Rh7, Rh8, Rh4, Rh3, Rxh2, Rg5, Rf5, Re5, Rd5, Qe7, Qe8, Qe5, Qe4, Qe3, Qe2, Qf6, Qg6, Qh6, Qd6, Qc6, Qb6, Qa6, Qf7, Qg8, Qd7, Qc8, Qd5, Qc4, Qb3, Qa2, Qf5, Qg4, Qh3, Qb8, Qb6, Qb5, Qb4, Qb3, Qc7, Qd7, Qe7, Qf7, Qa7, Qc8, Qa8, Qa6, Qc6, Qd5, Qe4, Qf3, Qg8, Qg6, Qg5, Qg4, Qg3, Qh7, Qf7, Qe7, Qd7, Qc7, Qh8, Qf8, Qf6, Qe5, Qd4, Qc3, Qh6, Qd7, Qd6, Qd5, Qd4, Qe8, Qf8, Qg8, Qh8, Qc8, Qb8, Qa8, Qc7, Qb6, Qa5, Qe7, Qf6, Qg5, Qh4]
 
  a b c d e f g h 
8 ♖ · · · · · · ♖ 8
7 · · · ♕ · · · · 7
6 · ♕ · · · · ♕ · 6
5 · · · · ♕ · · · 5
4 · · ♕ · · · · ♕ 4
3 ♕ · · · · ♕ · · 3
2 ♟ ♟ · ♕ · · · · 2
1 ♚ ♗ ♘ ♘ · ♔ ♗ · 1
  A B C D E F G H , 218, [Bc2, Bd3, Be4, Bf5, Bxa2, Nd3, Ne2, Nxa2, Nb3, Ne3, Nf2, Nxb2, Nc3, Kg2, Ke1, Ke2, Kf2, Bh2, Bf2, Be3, Bd4, Bc5, Qd3, Qd4, Qd5, Qd6, Qe2, Qf2, Qg2, Qh2, Qc2, Qxb2, Qe3, Qf4, Qg5, Qh6, Qc3, Qb4, Qa5, Qe1, Qa4, Qa5, Qa6, Qa7, Qxa2, Qb3, Qc3, Qd3, Qe3, Qb4, Qc5, Qd6, Qe7, Qf8, Qxb2, Qf4, Qf5, Qf6, Qf7, Qf8, Qf2, Qg3, Qh3, Qe3, Qd3, Qc3, Qb3, Qg4, Qh5, Qe4, Qd5, Qc6, Qb7, Qe2, Qg2, Qh1, Qc5, Qc6, Qc7, Qc8, Qc3, Qc2, Qd4, Qe4, Qf4, Qg4, Qb4, Qa4, Qd5, Qe6, Qf7, Qg8, Qb5, Qa6, Qb3, Qxa2, Qd3, Qe2, Qh5, Qh6, Qh7, Qh3, Qh2, Qh1, Qg4, Qf4, Qe4, Qd4, Qg5, Qf6, Qe7, Qd8, Qg3, Qf2, Qe1, Qe6, Qe7, Qe8, Qe4, Qe3, Qe2, Qe1, Qf5, Qg5, Qh5, Qd5, Qc5, Qb5, Qa5, Qf6, Qg7, Qd6, Qc7, Qb8, Qd4, Qc3, Qxb2, Qf4, Qg3, Qh2, Qb7, Qb8, Qb5, Qb4, Qb3, Qxb2, Qc6, Qd6, Qe6, Qf6, Qa6, Qc7, Qd8, Qa7, Qa5, Qc5, Qd4, Qe3, Qf2, Qg7, Qg8, Qg5, Qg4, Qg3, Qg2, Qh6, Qf6, Qe6, Qd6, Qc6, Qh7, Qf7, Qe8, Qf5, Qe4, Qd3, Qc2, Qh5, Qd8, Qd6, Qd5, Qd4, Qd3, Qe7, Qf7, Qg7, Qh7, Qc7, Qb7, Qa7, Qe8, Qc8, Qc6, Qb5, Qa4, Qe6, Qf5, Qg4, Qh3, Ra7, Ra6, Ra5, Ra4, Rb8, Rc8, Rd8, Re8, Rf8, Rg8, Rh7, Rh6, Rh5, Rg8, Rf8, Re8, Rd8, Rc8, Rb8]
 
  a b c d e f g h 
8 · · · · · · · · 8
7 · · · · · · · · 7
6 · · · · · · · · 6
5 · · · · · · · · 5
4 ♚ · · ♙ ♟ · · ♕ 4
3 · · · · · · · · 3
2 · · · · · · · · 2
1 · · · ♔ · · · · 1
  A B C D E F G H , 6, [Kb5, Kb4, Kb3, Ka3, Ka5, e3]
 
  a b c d e f g h 
8 · · · · · · · · 8
7 · · · · · · · · 7
6 · · · · · · · · 6
5 · · · · · · · ♕ 5
4 ♚ · · ♙ ♟ · · · 4
3 · · · · · · · · 3
2 · · · · · · · · 2
1 · · · ♔ · · · · 1
  A B C D E F G H , 5, [Kb4, Kb3, Ka3, e3, d3]
]]></system-out>
  <system-err><![CDATA[]]></system-err>
</testsuite>
