<?xml version="1.0" encoding="UTF-8"?>
<testsuite name="chess.board.BoardTest" tests="1" skipped="0" failures="0" errors="0" timestamp="2020-11-07T08:14:36" hostname="thinkbookpro" time="0.045">
  <properties/>
  <testcase name="testHashCode3" classname="chess.board.BoardTest" time="0.045"/>
  <system-out><![CDATA[Making full hash!
Making full hash!
Making full hash!
 
  a b c d e f g h 
8 ♜̅ ♞ ♝ ♛ ♚̅ ♝ ♞ ♜̅ 8
7 ♟ ♟ ♟ ♟ ♟ ♟ ♟ ♟ 7
6 · · · · · · · · 6
5 · · · · · · · · 5
4 · · · · ♙ · · · 4
3 · · · · · · · · 3
2 ♙ ♙ ♙ ♙ · ♙ ♙ ♙ 2
1 ♖̅ ♘ ♗ ♕ ♔̅ ♗ ♘ ♖̅ 1
  A B C D E F G H , 660252256, 660252256
Making full hash!
 
  a b c d e f g h 
8 ♜̅ ♞ ♝ ♛ ♚̅ ♝ ♞ ♜̅ 8
7 ♟ ♟ ♟ ♟ ♟ ♟ ♟ ♟ 7
6 · · · · · · · · 6
5 · · · · · · · · 5
4 · · · · ♙ · · · 4
3 · · · · · · · · 3
2 ♙ ♙ ♙ ♙ · ♙ ♙ ♙ 2
1 ♖̅ ♘ ♗ ♕ ♔̅ ♗ ♘ ♖̅ 1
  A B C D E F G H , 660252256, 660252256
]]></system-out>
  <system-err><![CDATA[]]></system-err>
</testsuite>
