<?xml version="1.0" encoding="UTF-8"?>
<testsuite name="chess.board.BoardIOTest" tests="1" skipped="0" failures="0" errors="0" timestamp="2020-11-21T19:01:07" hostname="thinkbookpro" time="0.088">
  <properties/>
  <testcase name="testBoardFENConversion" classname="chess.board.BoardIOTest" time="0.088"/>
  <system-out><![CDATA[Suspicious move generation with no piece at origin!       
  a b c d e f g h        h g f e d c b a  
8?[47m?[90m?[97m?[47m▌?[47m?[30m ?[0m?[47m?[90m▐?[100m?[30m ?[0m?[47m?[90m▌?[47m?[30m ?[0m?[47m?[90m▐?[100m?[30m ?[0m?[47m?[90m▌?[47m?[30m ?[0m?[47m?[90m▐?[100m?[30m ?[0m?[47m?[90m▌?[47m?[30m ?[0m?[47m?[90m▐?[100m?[30m ?[100m?[97m▐?[0m8    1?[47m?[90m?[97m?[47m▌?[47m?[30m ?[0m?[47m?[90m▐?[100m?[30m ?[0m?[47m?[90m▌?[47m?[30m ?[0m?[47m?[90m▐?[100m?[30m ?[0m?[47m?[90m▌?[47m?[97m♚?[0m?[47m?[90m▐?[100m?[30m ?[0m?[47m?[90m▌?[47m?[30m ?[0m?[47m?[90m▐?[100m?[30m ?[100m?[97m▐?[0m1
7?[47m?[90m?[90m?[107m▐?[100m?[30m ?[0m?[47m?[90m▌?[47m?[30m ?[0m?[47m?[90m▐?[100m?[30m ?[0m?[47m?[90m▌?[47m?[30m ?[0m?[47m?[90m▐?[100m?[30m ?[0m?[47m?[90m▌?[47m?[30m ?[0m?[47m?[90m▐?[100m?[30m ?[0m?[47m?[90m▌?[47m?[30m ?[47m?[97m▐?[0m7    2?[47m?[90m?[90m?[107m▐?[100m?[30m ?[0m?[47m?[90m▌?[47m?[30m ?[0m?[47m?[90m▐?[100m?[30m ?[0m?[47m?[90m▌?[47m?[30m ?[0m?[47m?[90m▐?[100m?[30m ?[0m?[47m?[90m▌?[47m?[30m ?[0m?[47m?[90m▐?[100m?[30m ?[0m?[47m?[90m▌?[47m?[30m ?[47m?[97m▐?[0m2
6?[47m?[90m?[97m?[47m▌?[47m?[30m ?[0m?[47m?[90m▐?[100m?[30m ?[0m?[47m?[90m▌?[47m?[30m ?[0m?[47m?[90m▐?[100m?[30m ?[0m?[47m?[90m▌?[47m?[30m ?[0m?[47m?[90m▐?[100m?[30m ?[0m?[47m?[90m▌?[47m?[30m ?[0m?[47m?[90m▐?[100m?[30m ?[100m?[97m▐?[0m6    3?[47m?[90m?[97m?[47m▌?[47m?[30m ?[0m?[47m?[90m▐?[100m?[30m ?[0m?[47m?[90m▌?[47m?[30m ?[0m?[47m?[90m▐?[100m?[30m ?[0m?[47m?[90m▌?[47m?[30m ?[0m?[47m?[90m▐?[100m?[30m ?[0m?[47m?[90m▌?[47m?[30m ?[0m?[47m?[90m▐?[100m?[30m ?[100m?[97m▐?[0m3
5?[47m?[90m?[90m?[107m▐?[100m?[30m ?[0m?[47m?[90m▌?[47m?[30m ?[0m?[47m?[90m▐?[100m?[30m ?[0m?[47m?[90m▌?[47m?[30m ?[0m?[47m?[90m▐?[100m?[30m ?[0m?[47m?[90m▌?[47m?[30m ?[0m?[47m?[90m▐?[100m?[30m ?[0m?[47m?[90m▌?[47m?[30m ?[47m?[97m▐?[0m5    4?[47m?[90m?[90m?[107m▐?[100m?[97m♛?[0m?[47m?[90m▌?[47m?[30m ?[0m?[47m?[90m▐?[100m?[30m ?[0m?[47m?[90m▌?[47m?[30m♟?[0m?[47m?[90m▐?[100m?[97m♟?[0m?[47m?[90m▌?[47m?[30m ?[0m?[47m?[90m▐?[100m?[30m ?[0m?[47m?[90m▌?[47m?[30m♚?[47m?[97m▐?[0m4
4?[47m?[90m?[97m?[47m▌?[47m?[30m♚?[0m?[47m?[90m▐?[100m?[30m ?[0m?[47m?[90m▌?[47m?[30m ?[0m?[47m?[90m▐?[100m?[97m♟?[0m?[47m?[90m▌?[47m?[30m♟?[0m?[47m?[90m▐?[100m?[30m ?[0m?[47m?[90m▌?[47m?[30m ?[0m?[47m?[90m▐?[100m?[97m♛?[100m?[97m▐?[0m4    5?[47m?[90m?[97m?[47m▌?[47m?[30m ?[0m?[47m?[90m▐?[100m?[30m ?[0m?[47m?[90m▌?[47m?[30m ?[0m?[47m?[90m▐?[100m?[30m ?[0m?[47m?[90m▌?[47m?[30m ?[0m?[47m?[90m▐?[100m?[30m ?[0m?[47m?[90m▌?[47m?[30m ?[0m?[47m?[90m▐?[100m?[30m ?[100m?[97m▐?[0m5
3?[47m?[90m?[90m?[107m▐?[100m?[30m ?[0m?[47m?[90m▌?[47m?[30m ?[0m?[47m?[90m▐?[100m?[30m ?[0m?[47m?[90m▌?[47m?[30m ?[0m?[47m?[90m▐?[100m?[30m ?[0m?[47m?[90m▌?[47m?[30m ?[0m?[47m?[90m▐?[100m?[30m ?[0m?[47m?[90m▌?[47m?[30m ?[47m?[97m▐?[0m3    6?[47m?[90m?[90m?[107m▐?[100m?[30m ?[0m?[47m?[90m▌?[47m?[30m ?[0m?[47m?[90m▐?[100m?[30m ?[0m?[47m?[90m▌?[47m?[30m ?[0m?[47m?[90m▐?[100m?[30m ?[0m?[47m?[90m▌?[47m?[30m ?[0m?[47m?[90m▐?[100m?[30m ?[0m?[47m?[90m▌?[47m?[30m ?[47m?[97m▐?[0m6
2?[47m?[90m?[97m?[47m▌?[47m?[30m ?[0m?[47m?[90m▐?[100m?[30m ?[0m?[47m?[90m▌?[47m?[30m ?[0m?[47m?[90m▐?[100m?[30m ?[0m?[47m?[90m▌?[47m?[30m ?[0m?[47m?[90m▐?[100m?[30m ?[0m?[47m?[90m▌?[47m?[30m ?[0m?[47m?[90m▐?[100m?[30m ?[100m?[97m▐?[0m2    7?[47m?[90m?[97m?[47m▌?[47m?[30m ?[0m?[47m?[90m▐?[100m?[30m ?[0m?[47m?[90m▌?[47m?[30m ?[0m?[47m?[90m▐?[100m?[30m ?[0m?[47m?[90m▌?[47m?[30m ?[0m?[47m?[90m▐?[100m?[30m ?[0m?[47m?[90m▌?[47m?[30m ?[0m?[47m?[90m▐?[100m?[30m ?[100m?[97m▐?[0m7
1?[47m?[90m?[90m?[107m▐?[100m?[30m ?[0m?[47m?[90m▌?[47m?[30m ?[0m?[47m?[90m▐?[100m?[30m ?[0m?[47m?[90m▌?[47m?[97m♚?[0m?[47m?[90m▐?[100m?[30m ?[0m?[47m?[90m▌?[47m?[30m ?[0m?[47m?[90m▐?[100m?[30m ?[0m?[47m?[90m▌?[47m?[30m ?[47m?[97m▐?[0m1    8?[47m?[90m?[90m?[107m▐?[100m?[30m ?[0m?[47m?[90m▌?[47m?[30m ?[0m?[47m?[90m▐?[100m?[30m ?[0m?[47m?[90m▌?[47m?[30m ?[0m?[47m?[90m▐?[100m?[30m ?[0m?[47m?[90m▌?[47m?[30m ?[0m?[47m?[90m▐?[100m?[30m ?[0m?[47m?[90m▌?[47m?[30m ?[47m?[97m▐?[0m8
  a b c d e f g h        h g f e d c b a  
Turn not available, D2
Suspicious move generation with no piece at origin!       
  a b c d e f g h        h g f e d c b a  
8?[47m?[90m?[97m?[47m▌?[47m?[30m ?[0m?[47m?[90m▐?[100m?[30m ?[0m?[47m?[90m▌?[47m?[30m ?[0m?[47m?[90m▐?[100m?[30m ?[0m?[47m?[90m▌?[47m?[30m ?[0m?[47m?[90m▐?[100m?[30m ?[0m?[47m?[90m▌?[47m?[30m ?[0m?[47m?[90m▐?[100m?[30m ?[100m?[97m▐?[0m8    1?[47m?[90m?[97m?[47m▌?[47m?[30m ?[0m?[47m?[90m▐?[100m?[30m ?[0m?[47m?[90m▌?[47m?[30m ?[0m?[47m?[90m▐?[100m?[30m ?[0m?[47m?[90m▌?[47m?[97m♚?[0m?[47m?[90m▐?[100m?[30m ?[0m?[47m?[90m▌?[47m?[30m ?[0m?[47m?[90m▐?[100m?[30m ?[100m?[97m▐?[0m1
7?[47m?[90m?[90m?[107m▐?[100m?[30m ?[0m?[47m?[90m▌?[47m?[30m ?[0m?[47m?[90m▐?[100m?[30m ?[0m?[47m?[90m▌?[47m?[30m ?[0m?[47m?[90m▐?[100m?[30m ?[0m?[47m?[90m▌?[47m?[30m ?[0m?[47m?[90m▐?[100m?[30m ?[0m?[47m?[90m▌?[47m?[30m ?[47m?[97m▐?[0m7    2?[47m?[90m?[90m?[107m▐?[100m?[30m ?[0m?[47m?[90m▌?[47m?[30m ?[0m?[47m?[90m▐?[100m?[30m ?[0m?[47m?[90m▌?[47m?[30m ?[0m?[47m?[90m▐?[100m?[30m ?[0m?[47m?[90m▌?[47m?[30m ?[0m?[47m?[90m▐?[100m?[30m ?[0m?[47m?[90m▌?[47m?[30m ?[47m?[97m▐?[0m2
6?[47m?[90m?[97m?[47m▌?[47m?[30m ?[0m?[47m?[90m▐?[100m?[30m ?[0m?[47m?[90m▌?[47m?[30m ?[0m?[47m?[90m▐?[100m?[30m ?[0m?[47m?[90m▌?[47m?[30m ?[0m?[47m?[90m▐?[100m?[30m ?[0m?[47m?[90m▌?[47m?[30m ?[0m?[47m?[90m▐?[100m?[30m ?[100m?[97m▐?[0m6    3?[47m?[90m?[97m?[47m▌?[47m?[30m ?[0m?[47m?[90m▐?[100m?[30m ?[0m?[47m?[90m▌?[47m?[30m ?[0m?[47m?[90m▐?[100m?[30m ?[0m?[47m?[90m▌?[47m?[30m ?[0m?[47m?[90m▐?[100m?[30m ?[0m?[47m?[90m▌?[47m?[30m ?[0m?[47m?[90m▐?[100m?[30m ?[100m?[97m▐?[0m3
5?[47m?[90m?[90m?[107m▐?[100m?[30m ?[0m?[47m?[90m▌?[47m?[30m ?[0m?[47m?[90m▐?[100m?[30m ?[0m?[47m?[90m▌?[47m?[30m ?[0m?[47m?[90m▐?[100m?[30m ?[0m?[47m?[90m▌?[47m?[30m ?[0m?[47m?[90m▐?[100m?[30m ?[0m?[47m?[90m▌?[47m?[97m♛?[47m?[97m▐?[0m5    4?[47m?[90m?[90m?[107m▐?[100m?[30m ?[0m?[47m?[90m▌?[47m?[30m ?[0m?[47m?[90m▐?[100m?[30m ?[0m?[47m?[90m▌?[47m?[30m♟?[0m?[47m?[90m▐?[100m?[97m♟?[0m?[47m?[90m▌?[47m?[30m ?[0m?[47m?[90m▐?[100m?[30m ?[0m?[47m?[90m▌?[47m?[30m♚?[47m?[97m▐?[0m4
4?[47m?[90m?[97m?[47m▌?[47m?[30m♚?[0m?[47m?[90m▐?[100m?[30m ?[0m?[47m?[90m▌?[47m?[30m ?[0m?[47m?[90m▐?[100m?[97m♟?[0m?[47m?[90m▌?[47m?[30m♟?[0m?[47m?[90m▐?[100m?[30m ?[0m?[47m?[90m▌?[47m?[30m ?[0m?[47m?[90m▐?[100m?[30m ?[100m?[97m▐?[0m4    5?[47m?[90m?[97m?[47m▌?[47m?[97m♛?[0m?[47m?[90m▐?[100m?[30m ?[0m?[47m?[90m▌?[47m?[30m ?[0m?[47m?[90m▐?[100m?[30m ?[0m?[47m?[90m▌?[47m?[30m ?[0m?[47m?[90m▐?[100m?[30m ?[0m?[47m?[90m▌?[47m?[30m ?[0m?[47m?[90m▐?[100m?[30m ?[100m?[97m▐?[0m5
3?[47m?[90m?[90m?[107m▐?[100m?[30m ?[0m?[47m?[90m▌?[47m?[30m ?[0m?[47m?[90m▐?[100m?[30m ?[0m?[47m?[90m▌?[47m?[30m ?[0m?[47m?[90m▐?[100m?[30m ?[0m?[47m?[90m▌?[47m?[30m ?[0m?[47m?[90m▐?[100m?[30m ?[0m?[47m?[90m▌?[47m?[30m ?[47m?[97m▐?[0m3    6?[47m?[90m?[90m?[107m▐?[100m?[30m ?[0m?[47m?[90m▌?[47m?[30m ?[0m?[47m?[90m▐?[100m?[30m ?[0m?[47m?[90m▌?[47m?[30m ?[0m?[47m?[90m▐?[100m?[30m ?[0m?[47m?[90m▌?[47m?[30m ?[0m?[47m?[90m▐?[100m?[30m ?[0m?[47m?[90m▌?[47m?[30m ?[47m?[97m▐?[0m6
2?[47m?[90m?[97m?[47m▌?[47m?[30m ?[0m?[47m?[90m▐?[100m?[30m ?[0m?[47m?[90m▌?[47m?[30m ?[0m?[47m?[90m▐?[100m?[30m ?[0m?[47m?[90m▌?[47m?[30m ?[0m?[47m?[90m▐?[100m?[30m ?[0m?[47m?[90m▌?[47m?[30m ?[0m?[47m?[90m▐?[100m?[30m ?[100m?[97m▐?[0m2    7?[47m?[90m?[97m?[47m▌?[47m?[30m ?[0m?[47m?[90m▐?[100m?[30m ?[0m?[47m?[90m▌?[47m?[30m ?[0m?[47m?[90m▐?[100m?[30m ?[0m?[47m?[90m▌?[47m?[30m ?[0m?[47m?[90m▐?[100m?[30m ?[0m?[47m?[90m▌?[47m?[30m ?[0m?[47m?[90m▐?[100m?[30m ?[100m?[97m▐?[0m7
1?[47m?[90m?[90m?[107m▐?[100m?[30m ?[0m?[47m?[90m▌?[47m?[30m ?[0m?[47m?[90m▐?[100m?[30m ?[0m?[47m?[90m▌?[47m?[97m♚?[0m?[47m?[90m▐?[100m?[30m ?[0m?[47m?[90m▌?[47m?[30m ?[0m?[47m?[90m▐?[100m?[30m ?[0m?[47m?[90m▌?[47m?[30m ?[47m?[97m▐?[0m1    8?[47m?[90m?[90m?[107m▐?[100m?[30m ?[0m?[47m?[90m▌?[47m?[30m ?[0m?[47m?[90m▐?[100m?[30m ?[0m?[47m?[90m▌?[47m?[30m ?[0m?[47m?[90m▐?[100m?[30m ?[0m?[47m?[90m▌?[47m?[30m ?[0m?[47m?[90m▐?[100m?[30m ?[0m?[47m?[90m▌?[47m?[30m ?[47m?[97m▐?[0m8
  a b c d e f g h        h g f e d c b a  
Turn not available, D2
]]></system-out>
  <system-err><![CDATA[]]></system-err>
</testsuite>
